Using pre-set license
Built from '2020.3/staging' branch; Version is '2020.3.11f1 (99c7afb366b3) revision 10078127'; Using compiler version '192528614'; Build Type 'Release'
OS: 'Windows 10 Home; OS build 19042.804; Version 2009; 64bit' Language: 'en' Physical Memory: 8034 MB
BatchMode: 1, IsHumanControllingUs: 0, StartBugReporterOnCrash: 0, Is64bit: 1, IsPro: 0

 COMMAND LINE ARGUMENTS:
C:\Program Files\Unity\Hub\Editor\2020.3.11f1\Editor\Unity.exe
-adb2
-batchMode
-noUpm
-name
AssetImportWorker0
-projectPath
C:/Users/Hernando/Documents/GitHub/Proj 2021 v2020.3
-logFile
Logs/AssetImportWorker0.log
-srvPort
60292
Successfully changed project path to: C:/Users/Hernando/Documents/GitHub/Proj 2021 v2020.3
C:/Users/Hernando/Documents/GitHub/Proj 2021 v2020.3
Using Asset Import Pipeline V2.
Refreshing native plugins compatible for Editor in 91.55 ms, found 5 plugins.
Preloading 0 native plugins for Editor in 0.00 ms.
Initialize engine version: 2020.3.11f1 (99c7afb366b3)
[Subsystems] Discovering subsystems at path C:/Program Files/Unity/Hub/Editor/2020.3.11f1/Editor/Data/Resources/UnitySubsystems
[Subsystems] Discovering subsystems at path C:/Users/Hernando/Documents/GitHub/Proj 2021 v2020.3/Assets
GfxDevice: creating device client; threaded=0
Direct3D:
    Version:  Direct3D 11.0 [level 11.1]
    Renderer: NVIDIA GeForce GTX 1050 Ti (ID=0x1c8c)
    Vendor:   
    VRAM:     4018 MB
    Driver:   27.21.14.6259
Initialize mono
Mono path[0] = 'C:/Program Files/Unity/Hub/Editor/2020.3.11f1/Editor/Data/Managed'
Mono path[1] = 'C:/Program Files/Unity/Hub/Editor/2020.3.11f1/Editor/Data/MonoBleedingEdge/lib/mono/unityjit'
Mono config path = 'C:/Program Files/Unity/Hub/Editor/2020.3.11f1/Editor/Data/MonoBleedingEdge/etc'
Using monoOptions --debugger-agent=transport=dt_socket,embedding=1,server=y,suspend=n,address=127.0.0.1:56044
Begin MonoManager ReloadAssembly
Registering precompiled unity dll's ...
Register platform support module: C:/Program Files/Unity/Hub/Editor/2020.3.11f1/Editor/Data/PlaybackEngines/WindowsStandaloneSupport/UnityEditor.WindowsStandalone.Extensions.dll
Registered in 0.003895 seconds.
Native extension for WindowsStandalone target not found
Refreshing native plugins compatible for Editor in 70.17 ms, found 5 plugins.
Preloading 0 native plugins for Editor in 0.00 ms.
Mono: successfully reloaded assembly
- Completed reload, in  3.105 seconds
Platform modules already initialized, skipping
Registering precompiled user dll's ...
Registered in 0.018711 seconds.
Begin MonoManager ReloadAssembly
Native extension for WindowsStandalone target not found
Refreshing native plugins compatible for Editor in 70.94 ms, found 5 plugins.
Preloading 0 native plugins for Editor in 0.00 ms.
Mono: successfully reloaded assembly
- Completed reload, in  1.935 seconds
Platform modules already initialized, skipping
========================================================================
Worker process is ready to serve import requests
Launched and connected shader compiler UnityShaderCompiler.exe after 0.07 seconds
Refreshing native plugins compatible for Editor in 1.01 ms, found 5 plugins.
Preloading 0 native plugins for Editor in 0.00 ms.
Unloading 2247 Unused Serialized files (Serialized files now loaded: 0)
System memory in use before: 96.2 MB.
System memory in use after: 96.3 MB.

Unloading 62 unused Assets to reduce memory usage. Loaded Objects now: 2644.
Total: 3.634500 ms (FindLiveObjects: 0.283200 ms CreateObjectMapping: 0.136700 ms MarkObjects: 3.068500 ms  DeleteObjects: 0.144700 ms)

========================================================================
Received Import Request.
  path: Assets/Resources/Player3.prefab
  artifactKey: Guid(6927c6b4e53326f49abfd031c19f33eb) Importer(815301076,1909f56bfc062723c751e8b465ee728b)
Start importing Assets/Resources/Player3.prefab using Guid(6927c6b4e53326f49abfd031c19f33eb) Importer(815301076,1909f56bfc062723c751e8b465ee728b)  -> (artifact id: 'b5fd4c62b9e296322b0d49fe65d90e42') in 0.390877 seconds
  Import took 0.400766 seconds .

========================================================================
Received Import Request.
  Time since last request: 19.442566 seconds.
  path: Assets/Resources/Player3.prefab
  artifactKey: Guid(6927c6b4e53326f49abfd031c19f33eb) Importer(815301076,1909f56bfc062723c751e8b465ee728b)
Start importing Assets/Resources/Player3.prefab using Guid(6927c6b4e53326f49abfd031c19f33eb) Importer(815301076,1909f56bfc062723c751e8b465ee728b)  -> (artifact id: '612d89f3d642cfc937a0070139e75165') in 0.113462 seconds
  Import took 0.126704 seconds .

========================================================================
Received Prepare
Refreshing native plugins compatible for Editor in 24.13 ms, found 5 plugins.
Preloading 0 native plugins for Editor in 0.00 ms.
Unloading 51 Unused Serialized files (Serialized files now loaded: 0)
System memory in use before: 70.8 MB.
System memory in use after: 70.9 MB.

Unloading 51 unused Assets to reduce memory usage. Loaded Objects now: 2652.
Total: 5.582100 ms (FindLiveObjects: 0.320800 ms CreateObjectMapping: 0.150800 ms MarkObjects: 4.977000 ms  DeleteObjects: 0.131800 ms)

========================================================================
Received Prepare
Registering precompiled user dll's ...
Registered in 0.015645 seconds.
Begin MonoManager ReloadAssembly
Native extension for WindowsStandalone target not found
Refreshing native plugins compatible for Editor in 3.64 ms, found 5 plugins.
Preloading 0 native plugins for Editor in 0.00 ms.
Mono: successfully reloaded assembly
- Completed reload, in  2.494 seconds
Platform modules already initialized, skipping
Refreshing native plugins compatible for Editor in 1.74 ms, found 5 plugins.
Preloading 0 native plugins for Editor in 0.00 ms.
Unloading 2236 Unused Serialized files (Serialized files now loaded: 0)
System memory in use before: 112.5 MB.
System memory in use after: 112.6 MB.

Unloading 54 unused Assets to reduce memory usage. Loaded Objects now: 2656.
Total: 3.796600 ms (FindLiveObjects: 0.299000 ms CreateObjectMapping: 0.234700 ms MarkObjects: 3.162000 ms  DeleteObjects: 0.099100 ms)

========================================================================
Received Import Request.
  Time since last request: 170.063108 seconds.
  path: Assets/Resources/Player3.prefab
  artifactKey: Guid(6927c6b4e53326f49abfd031c19f33eb) Importer(815301076,1909f56bfc062723c751e8b465ee728b)
Start importing Assets/Resources/Player3.prefab using Guid(6927c6b4e53326f49abfd031c19f33eb) Importer(815301076,1909f56bfc062723c751e8b465ee728b)  -> (artifact id: '3e616809918a83081853ef3eaaa1fc49') in 0.232779 seconds
  Import took 0.244987 seconds .

========================================================================
Received Import Request.
  Time since last request: 7.435539 seconds.
  path: Assets/Resources/Player3.prefab
  artifactKey: Guid(6927c6b4e53326f49abfd031c19f33eb) Importer(815301076,1909f56bfc062723c751e8b465ee728b)
Start importing Assets/Resources/Player3.prefab using Guid(6927c6b4e53326f49abfd031c19f33eb) Importer(815301076,1909f56bfc062723c751e8b465ee728b)  -> (artifact id: '64b97c07f2d1896a53cb26995c448cfd') in 0.109825 seconds
  Import took 0.122423 seconds .

========================================================================
Received Import Request.
  Time since last request: 3.120957 seconds.
  path: Assets/Resources/Player3.prefab
  artifactKey: Guid(6927c6b4e53326f49abfd031c19f33eb) Importer(815301076,1909f56bfc062723c751e8b465ee728b)
Start importing Assets/Resources/Player3.prefab using Guid(6927c6b4e53326f49abfd031c19f33eb) Importer(815301076,1909f56bfc062723c751e8b465ee728b)  -> (artifact id: 'e5773930f192575cba2b019e71fe85ee') in 0.100043 seconds
  Import took 0.116263 seconds .

========================================================================
Received Import Request.
  Time since last request: 1423.506668 seconds.
  path: Assets/PUN Demo/ControlMyPlayer.cs
  artifactKey: Guid(ace87c1d98cc6dc4abe3d7ebd693c1cc) Importer(815301076,1909f56bfc062723c751e8b465ee728b)
Start importing Assets/PUN Demo/ControlMyPlayer.cs using Guid(ace87c1d98cc6dc4abe3d7ebd693c1cc) Importer(815301076,1909f56bfc062723c751e8b465ee728b)  -> (artifact id: '949721c56bda5909cf5fc86410fd5689') in 0.012358 seconds
  Import took 0.019198 seconds .

========================================================================
Received Prepare
Registering precompiled user dll's ...
Registered in 0.017839 seconds.
Begin MonoManager ReloadAssembly
Native extension for WindowsStandalone target not found
Refreshing native plugins compatible for Editor in 1.86 ms, found 5 plugins.
Preloading 0 native plugins for Editor in 0.00 ms.
Mono: successfully reloaded assembly
- Completed reload, in  2.079 seconds
Platform modules already initialized, skipping
Refreshing native plugins compatible for Editor in 1.14 ms, found 5 plugins.
Preloading 0 native plugins for Editor in 0.00 ms.
Unloading 2236 Unused Serialized files (Serialized files now loaded: 0)
System memory in use before: 112.7 MB.
System memory in use after: 112.8 MB.

Unloading 54 unused Assets to reduce memory usage. Loaded Objects now: 2661.
Total: 3.869000 ms (FindLiveObjects: 0.298900 ms CreateObjectMapping: 0.138000 ms MarkObjects: 3.295300 ms  DeleteObjects: 0.135500 ms)

========================================================================
Received Prepare
Registering precompiled user dll's ...
Registered in 0.015845 seconds.
Begin MonoManager ReloadAssembly
Native extension for WindowsStandalone target not found
Refreshing native plugins compatible for Editor in 1.05 ms, found 5 plugins.
Preloading 0 native plugins for Editor in 0.00 ms.
Mono: successfully reloaded assembly
- Completed reload, in  1.793 seconds
Platform modules already initialized, skipping
Refreshing native plugins compatible for Editor in 1.19 ms, found 5 plugins.
Preloading 0 native plugins for Editor in 0.00 ms.
Unloading 2236 Unused Serialized files (Serialized files now loaded: 0)
System memory in use before: 112.8 MB.
System memory in use after: 112.8 MB.

Unloading 54 unused Assets to reduce memory usage. Loaded Objects now: 2665.
Total: 3.584700 ms (FindLiveObjects: 0.304600 ms CreateObjectMapping: 0.134600 ms MarkObjects: 3.034500 ms  DeleteObjects: 0.109600 ms)

========================================================================
Received Import Request.
  Time since last request: 1826.434794 seconds.
  path: Assets/PUN Demo/ControlMyPlayer.cs
  artifactKey: Guid(ace87c1d98cc6dc4abe3d7ebd693c1cc) Importer(815301076,1909f56bfc062723c751e8b465ee728b)
Start importing Assets/PUN Demo/ControlMyPlayer.cs using Guid(ace87c1d98cc6dc4abe3d7ebd693c1cc) Importer(815301076,1909f56bfc062723c751e8b465ee728b)  -> (artifact id: '91fa566617d407b0311a7f0b3d14244a') in 0.008115 seconds
  Import took 0.015251 seconds .

========================================================================
Received Prepare
Registering precompiled user dll's ...
Registered in 0.043172 seconds.
Begin MonoManager ReloadAssembly
Native extension for WindowsStandalone target not found
Refreshing native plugins compatible for Editor in 1.18 ms, found 5 plugins.
Preloading 0 native plugins for Editor in 0.00 ms.
Mono: successfully reloaded assembly
- Completed reload, in  1.896 seconds
Platform modules already initialized, skipping
Refreshing native plugins compatible for Editor in 1.05 ms, found 5 plugins.
Preloading 0 native plugins for Editor in 0.00 ms.
Unloading 2236 Unused Serialized files (Serialized files now loaded: 0)
System memory in use before: 112.8 MB.
System memory in use after: 112.9 MB.

Unloading 54 unused Assets to reduce memory usage. Loaded Objects now: 2669.
Total: 5.285700 ms (FindLiveObjects: 0.431100 ms CreateObjectMapping: 0.238200 ms MarkObjects: 4.459000 ms  DeleteObjects: 0.154200 ms)

========================================================================
Received Import Request.
  Time since last request: 3093.563128 seconds.
  path: Assets/PUN Demo/ControlMyPlayer.cs
  artifactKey: Guid(ace87c1d98cc6dc4abe3d7ebd693c1cc) Importer(815301076,1909f56bfc062723c751e8b465ee728b)
Start importing Assets/PUN Demo/ControlMyPlayer.cs using Guid(ace87c1d98cc6dc4abe3d7ebd693c1cc) Importer(815301076,1909f56bfc062723c751e8b465ee728b)  -> (artifact id: '88a546c4fc6b1790faa5360977dd1185') in 0.007664 seconds
  Import took 0.016384 seconds .

