Using pre-set license
Built from '2020.3/staging' branch; Version is '2020.3.11f1 (99c7afb366b3) revision 10078127'; Using compiler version '192528614'; Build Type 'Release'
OS: 'Windows 10 Home; OS build 19042.804; Version 2009; 64bit' Language: 'en' Physical Memory: 8034 MB
BatchMode: 1, IsHumanControllingUs: 0, StartBugReporterOnCrash: 0, Is64bit: 1, IsPro: 0

 COMMAND LINE ARGUMENTS:
C:\Program Files\Unity\Hub\Editor\2020.3.11f1\Editor\Unity.exe
-adb2
-batchMode
-noUpm
-name
AssetImportWorker0
-projectPath
C:/Users/Hernando/Documents/GitHub/Proj 2021 v2020.3
-logFile
Logs/AssetImportWorker0.log
-srvPort
52468
Successfully changed project path to: C:/Users/Hernando/Documents/GitHub/Proj 2021 v2020.3
C:/Users/Hernando/Documents/GitHub/Proj 2021 v2020.3
Using Asset Import Pipeline V2.
Refreshing native plugins compatible for Editor in 104.37 ms, found 5 plugins.
Preloading 0 native plugins for Editor in 0.00 ms.
Initialize engine version: 2020.3.11f1 (99c7afb366b3)
[Subsystems] Discovering subsystems at path C:/Program Files/Unity/Hub/Editor/2020.3.11f1/Editor/Data/Resources/UnitySubsystems
[Subsystems] Discovering subsystems at path C:/Users/Hernando/Documents/GitHub/Proj 2021 v2020.3/Assets
GfxDevice: creating device client; threaded=0
Direct3D:
    Version:  Direct3D 11.0 [level 11.1]
    Renderer: NVIDIA GeForce GTX 1050 Ti (ID=0x1c8c)
    Vendor:   
    VRAM:     4018 MB
    Driver:   27.21.14.6259
Initialize mono
Mono path[0] = 'C:/Program Files/Unity/Hub/Editor/2020.3.11f1/Editor/Data/Managed'
Mono path[1] = 'C:/Program Files/Unity/Hub/Editor/2020.3.11f1/Editor/Data/MonoBleedingEdge/lib/mono/unityjit'
Mono config path = 'C:/Program Files/Unity/Hub/Editor/2020.3.11f1/Editor/Data/MonoBleedingEdge/etc'
Using monoOptions --debugger-agent=transport=dt_socket,embedding=1,server=y,suspend=n,address=127.0.0.1:56540
Begin MonoManager ReloadAssembly
Registering precompiled unity dll's ...
Register platform support module: C:/Program Files/Unity/Hub/Editor/2020.3.11f1/Editor/Data/PlaybackEngines/WindowsStandaloneSupport/UnityEditor.WindowsStandalone.Extensions.dll
Registered in 0.003250 seconds.
Native extension for WindowsStandalone target not found
Refreshing native plugins compatible for Editor in 81.47 ms, found 5 plugins.
Preloading 0 native plugins for Editor in 0.00 ms.
Mono: successfully reloaded assembly
- Completed reload, in  1.710 seconds
Platform modules already initialized, skipping
Registering precompiled user dll's ...
Registered in 0.013380 seconds.
Begin MonoManager ReloadAssembly
Native extension for WindowsStandalone target not found
Refreshing native plugins compatible for Editor in 86.87 ms, found 5 plugins.
Preloading 0 native plugins for Editor in 0.00 ms.
Mono: successfully reloaded assembly
- Completed reload, in  2.489 seconds
Platform modules already initialized, skipping
========================================================================
Worker process is ready to serve import requests
Launched and connected shader compiler UnityShaderCompiler.exe after 0.09 seconds
Refreshing native plugins compatible for Editor in 1.62 ms, found 5 plugins.
Preloading 0 native plugins for Editor in 0.00 ms.
Unloading 2247 Unused Serialized files (Serialized files now loaded: 0)
System memory in use before: 96.2 MB.
System memory in use after: 96.3 MB.

Unloading 62 unused Assets to reduce memory usage. Loaded Objects now: 2644.
Total: 3.318700 ms (FindLiveObjects: 0.284400 ms CreateObjectMapping: 0.143600 ms MarkObjects: 2.742500 ms  DeleteObjects: 0.146400 ms)

========================================================================
Received Import Request.
  path: Assets/PUN Demo/ControlMyPlayer.cs
  artifactKey: Guid(ace87c1d98cc6dc4abe3d7ebd693c1cc) Importer(815301076,1909f56bfc062723c751e8b465ee728b)
Start importing Assets/PUN Demo/ControlMyPlayer.cs using Guid(ace87c1d98cc6dc4abe3d7ebd693c1cc) Importer(815301076,1909f56bfc062723c751e8b465ee728b)  -> (artifact id: '22d36582e223d428e3f53083e6e5cac3') in 0.062230 seconds
  Import took 0.069517 seconds .

========================================================================
Received Prepare
Refreshing native plugins compatible for Editor in 20.68 ms, found 5 plugins.
Preloading 0 native plugins for Editor in 0.00 ms.
Unloading 51 Unused Serialized files (Serialized files now loaded: 0)
System memory in use before: 52.2 MB.
System memory in use after: 52.3 MB.

Unloading 51 unused Assets to reduce memory usage. Loaded Objects now: 2644.
Total: 6.574300 ms (FindLiveObjects: 0.319800 ms CreateObjectMapping: 0.131100 ms MarkObjects: 6.016800 ms  DeleteObjects: 0.104800 ms)

========================================================================
Received Prepare
Registering precompiled user dll's ...
Registered in 0.034071 seconds.
Begin MonoManager ReloadAssembly
Native extension for WindowsStandalone target not found
Refreshing native plugins compatible for Editor in 2.11 ms, found 5 plugins.
Preloading 0 native plugins for Editor in 0.00 ms.
Mono: successfully reloaded assembly
- Completed reload, in  2.679 seconds
Platform modules already initialized, skipping
Refreshing native plugins compatible for Editor in 1.59 ms, found 5 plugins.
Preloading 0 native plugins for Editor in 0.00 ms.
Unloading 2236 Unused Serialized files (Serialized files now loaded: 0)
System memory in use before: 95.9 MB.
System memory in use after: 96.0 MB.

Unloading 54 unused Assets to reduce memory usage. Loaded Objects now: 2648.
Total: 5.629600 ms (FindLiveObjects: 2.047400 ms CreateObjectMapping: 0.441200 ms MarkObjects: 3.017800 ms  DeleteObjects: 0.119600 ms)

========================================================================
Received Prepare
Refreshing native plugins compatible for Editor in 25.49 ms, found 5 plugins.
Preloading 0 native plugins for Editor in 0.00 ms.
Unloading 51 Unused Serialized files (Serialized files now loaded: 0)
System memory in use before: 52.6 MB.
System memory in use after: 52.7 MB.

Unloading 51 unused Assets to reduce memory usage. Loaded Objects now: 2648.
Total: 4.586400 ms (FindLiveObjects: 0.257600 ms CreateObjectMapping: 0.131900 ms MarkObjects: 4.060600 ms  DeleteObjects: 0.134600 ms)

========================================================================
Received Prepare
Registering precompiled user dll's ...
Registered in 0.017445 seconds.
Begin MonoManager ReloadAssembly
Native extension for WindowsStandalone target not found
Refreshing native plugins compatible for Editor in 1.54 ms, found 5 plugins.
Preloading 0 native plugins for Editor in 0.00 ms.
Mono: successfully reloaded assembly
- Completed reload, in  2.862 seconds
Platform modules already initialized, skipping
Refreshing native plugins compatible for Editor in 1.44 ms, found 5 plugins.
Preloading 0 native plugins for Editor in 0.00 ms.
Unloading 2236 Unused Serialized files (Serialized files now loaded: 0)
System memory in use before: 96.0 MB.
System memory in use after: 96.1 MB.

Unloading 54 unused Assets to reduce memory usage. Loaded Objects now: 2652.
Total: 4.245200 ms (FindLiveObjects: 0.333200 ms CreateObjectMapping: 0.193600 ms MarkObjects: 3.604400 ms  DeleteObjects: 0.111700 ms)

========================================================================
Received Prepare
Refreshing native plugins compatible for Editor in 30.81 ms, found 5 plugins.
Preloading 0 native plugins for Editor in 0.00 ms.
Unloading 51 Unused Serialized files (Serialized files now loaded: 0)
System memory in use before: 52.7 MB.
System memory in use after: 52.8 MB.

Unloading 51 unused Assets to reduce memory usage. Loaded Objects now: 2652.
Total: 4.766200 ms (FindLiveObjects: 0.354300 ms CreateObjectMapping: 0.168700 ms MarkObjects: 4.082300 ms  DeleteObjects: 0.155500 ms)

========================================================================
Received Prepare
Registering precompiled user dll's ...
Registered in 0.034830 seconds.
Begin MonoManager ReloadAssembly
Native extension for WindowsStandalone target not found
Refreshing native plugins compatible for Editor in 1.29 ms, found 5 plugins.
Preloading 0 native plugins for Editor in 0.00 ms.
Mono: successfully reloaded assembly
- Completed reload, in  2.474 seconds
Platform modules already initialized, skipping
Refreshing native plugins compatible for Editor in 1.98 ms, found 5 plugins.
Preloading 0 native plugins for Editor in 0.00 ms.
Unloading 2236 Unused Serialized files (Serialized files now loaded: 0)
System memory in use before: 96.0 MB.
System memory in use after: 96.1 MB.

Unloading 54 unused Assets to reduce memory usage. Loaded Objects now: 2656.
Total: 6.635400 ms (FindLiveObjects: 1.222400 ms CreateObjectMapping: 1.189300 ms MarkObjects: 4.073400 ms  DeleteObjects: 0.147800 ms)

========================================================================
Received Import Request.
  Time since last request: 4322.768572 seconds.
  path: Assets/PUN Demo/ControlMyPlayer.cs
  artifactKey: Guid(ace87c1d98cc6dc4abe3d7ebd693c1cc) Importer(815301076,1909f56bfc062723c751e8b465ee728b)
Start importing Assets/PUN Demo/ControlMyPlayer.cs using Guid(ace87c1d98cc6dc4abe3d7ebd693c1cc) Importer(815301076,1909f56bfc062723c751e8b465ee728b)  -> (artifact id: '7d858946e9fed79706151045f6ba0b60') in 0.012940 seconds
  Import took 0.019800 seconds .

========================================================================
Received Import Request.
  Time since last request: 0.007706 seconds.
  path: Assets/PUN Demo/ControlMyPlayer.cs
  artifactKey: Guid(ace87c1d98cc6dc4abe3d7ebd693c1cc) Importer(815301076,1909f56bfc062723c751e8b465ee728b)
Start importing Assets/PUN Demo/ControlMyPlayer.cs using Guid(ace87c1d98cc6dc4abe3d7ebd693c1cc) Importer(815301076,1909f56bfc062723c751e8b465ee728b)  -> (artifact id: '7d858946e9fed79706151045f6ba0b60') in 0.003251 seconds
  Import took 0.008700 seconds .

========================================================================
Received Prepare
Registering precompiled user dll's ...
Registered in 0.018457 seconds.
Begin MonoManager ReloadAssembly
Native extension for WindowsStandalone target not found
Refreshing native plugins compatible for Editor in 3.87 ms, found 5 plugins.
Preloading 0 native plugins for Editor in 0.00 ms.
Mono: successfully reloaded assembly
- Completed reload, in 10.273 seconds
Platform modules already initialized, skipping
Refreshing native plugins compatible for Editor in 1.47 ms, found 5 plugins.
Preloading 0 native plugins for Editor in 0.00 ms.
Unloading 2235 Unused Serialized files (Serialized files now loaded: 0)
System memory in use before: 96.0 MB.
System memory in use after: 96.1 MB.

Unloading 55 unused Assets to reduce memory usage. Loaded Objects now: 2659.
Total: 4.481600 ms (FindLiveObjects: 0.281700 ms CreateObjectMapping: 0.165100 ms MarkObjects: 3.921400 ms  DeleteObjects: 0.111600 ms)

========================================================================
Received Prepare
Refreshing native plugins compatible for Editor in 28.91 ms, found 5 plugins.
Preloading 0 native plugins for Editor in 0.00 ms.
Unloading 51 Unused Serialized files (Serialized files now loaded: 0)
System memory in use before: 52.7 MB.
System memory in use after: 52.8 MB.

Unloading 51 unused Assets to reduce memory usage. Loaded Objects now: 2659.
Total: 3.938200 ms (FindLiveObjects: 0.376000 ms CreateObjectMapping: 0.207000 ms MarkObjects: 3.254200 ms  DeleteObjects: 0.099500 ms)

========================================================================
Received Prepare
Registering precompiled user dll's ...
Registered in 0.013998 seconds.
Begin MonoManager ReloadAssembly
Native extension for WindowsStandalone target not found
Refreshing native plugins compatible for Editor in 1.77 ms, found 5 plugins.
Preloading 0 native plugins for Editor in 0.00 ms.
Mono: successfully reloaded assembly
- Completed reload, in  2.324 seconds
Platform modules already initialized, skipping
Refreshing native plugins compatible for Editor in 1.18 ms, found 5 plugins.
Preloading 0 native plugins for Editor in 0.00 ms.
Unloading 2235 Unused Serialized files (Serialized files now loaded: 0)
System memory in use before: 95.9 MB.
System memory in use after: 96.0 MB.

Unloading 54 unused Assets to reduce memory usage. Loaded Objects now: 2663.
Total: 6.980100 ms (FindLiveObjects: 0.712000 ms CreateObjectMapping: 1.003900 ms MarkObjects: 5.150200 ms  DeleteObjects: 0.112100 ms)

========================================================================
Received Prepare
Registering precompiled user dll's ...
Registered in 0.013105 seconds.
Begin MonoManager ReloadAssembly
Native extension for WindowsStandalone target not found
Refreshing native plugins compatible for Editor in 1.11 ms, found 5 plugins.
Preloading 0 native plugins for Editor in 0.00 ms.
Mono: successfully reloaded assembly
- Completed reload, in  1.690 seconds
Platform modules already initialized, skipping
Refreshing native plugins compatible for Editor in 1.06 ms, found 5 plugins.
Preloading 0 native plugins for Editor in 0.00 ms.
Unloading 2235 Unused Serialized files (Serialized files now loaded: 0)
System memory in use before: 96.0 MB.
System memory in use after: 96.1 MB.

Unloading 54 unused Assets to reduce memory usage. Loaded Objects now: 2667.
Total: 3.514500 ms (FindLiveObjects: 0.295500 ms CreateObjectMapping: 0.115700 ms MarkObjects: 2.993400 ms  DeleteObjects: 0.108400 ms)

========================================================================
Received Prepare
Refreshing native plugins compatible for Editor in 34.48 ms, found 5 plugins.
Preloading 0 native plugins for Editor in 0.00 ms.
Unloading 51 Unused Serialized files (Serialized files now loaded: 0)
System memory in use before: 52.7 MB.
System memory in use after: 52.8 MB.

Unloading 51 unused Assets to reduce memory usage. Loaded Objects now: 2667.
Total: 3.438400 ms (FindLiveObjects: 0.280700 ms CreateObjectMapping: 0.142000 ms MarkObjects: 2.909400 ms  DeleteObjects: 0.104800 ms)

========================================================================
Received Prepare
Registering precompiled user dll's ...
Registered in 0.017500 seconds.
Begin MonoManager ReloadAssembly
Native extension for WindowsStandalone target not found
Refreshing native plugins compatible for Editor in 1.38 ms, found 5 plugins.
Preloading 0 native plugins for Editor in 0.00 ms.
Mono: successfully reloaded assembly
- Completed reload, in  2.408 seconds
Platform modules already initialized, skipping
Refreshing native plugins compatible for Editor in 1.25 ms, found 5 plugins.
Preloading 0 native plugins for Editor in 0.00 ms.
Unloading 2235 Unused Serialized files (Serialized files now loaded: 0)
System memory in use before: 96.1 MB.
System memory in use after: 96.1 MB.

Unloading 54 unused Assets to reduce memory usage. Loaded Objects now: 2671.
Total: 4.117100 ms (FindLiveObjects: 0.371700 ms CreateObjectMapping: 0.166400 ms MarkObjects: 3.432900 ms  DeleteObjects: 0.143800 ms)

AssetImportWorkerClient::OnTransportError - code=2 error=End of file
